<?xml version="1.0" encoding="UTF-8"?>
<testng-results ignored="0" total="2" passed="2" failed="0" skipped="0">
  <reporter-output>
  </reporter-output>
  <suite started-at="2024-09-28T18:05:21 IST" name="Suite" finished-at="2024-09-28T18:06:11 IST" duration-ms="50555">
    <groups>
      <group name="Master">
        <method signature="TC002_LoginTest.verify_login()[pri:0, instance:testCases.TC002_LoginTest@7237f3c1]" name="verify_login" class="testCases.TC002_LoginTest"/>
        <method signature="TC_AccountRegistrationTest.verify_account_registration()[pri:0, instance:testCases.TC_AccountRegistrationTest@2fb25f4c]" name="verify_account_registration" class="testCases.TC_AccountRegistrationTest"/>
      </group> <!-- Master -->
      <group name="Sanity">
        <method signature="TC002_LoginTest.verify_login()[pri:0, instance:testCases.TC002_LoginTest@7237f3c1]" name="verify_login" class="testCases.TC002_LoginTest"/>
      </group> <!-- Sanity -->
      <group name="Regression">
        <method signature="TC_AccountRegistrationTest.verify_account_registration()[pri:0, instance:testCases.TC_AccountRegistrationTest@2fb25f4c]" name="verify_account_registration" class="testCases.TC_AccountRegistrationTest"/>
      </group> <!-- Regression -->
    </groups>
    <test started-at="2024-09-28T18:05:21 IST" name="Test" finished-at="2024-09-28T18:06:11 IST" duration-ms="50555">
      <class name="testCases.TC002_LoginTest">
        <test-method is-config="true" signature="setup(java.lang.String,java.lang.String)[pri:0, instance:testCases.TC002_LoginTest@7237f3c1]" started-at="2024-09-28T18:05:44 IST" name="setup" finished-at="2024-09-28T18:06:05 IST" duration-ms="20503" status="PASS">
          <params>
            <param index="0">
              <value>
                <![CDATA[Windows]]>
              </value>
            </param>
            <param index="1">
              <value>
                <![CDATA[chrome]]>
              </value>
            </param>
          </params>
          <reporter-output>
          </reporter-output>
        </test-method> <!-- setup -->
        <test-method signature="verify_login()[pri:0, instance:testCases.TC002_LoginTest@7237f3c1]" started-at="2024-09-28T18:06:05 IST" name="verify_login" finished-at="2024-09-28T18:06:10 IST" duration-ms="5424" status="PASS">
          <reporter-output>
          </reporter-output>
        </test-method> <!-- verify_login -->
        <test-method is-config="true" signature="teardown()[pri:0, instance:testCases.TC002_LoginTest@7237f3c1]" started-at="2024-09-28T18:06:10 IST" name="teardown" finished-at="2024-09-28T18:06:11 IST" duration-ms="1238" status="PASS">
          <reporter-output>
          </reporter-output>
        </test-method> <!-- teardown -->
      </class> <!-- testCases.TC002_LoginTest -->
      <class name="testCases.TC_AccountRegistrationTest">
        <test-method is-config="true" signature="setup(java.lang.String,java.lang.String)[pri:0, instance:testCases.TC_AccountRegistrationTest@2fb25f4c]" started-at="2024-09-28T18:05:22 IST" name="setup" finished-at="2024-09-28T18:05:39 IST" duration-ms="16949" status="PASS">
          <params>
            <param index="0">
              <value>
                <![CDATA[Windows]]>
              </value>
            </param>
            <param index="1">
              <value>
                <![CDATA[chrome]]>
              </value>
            </param>
          </params>
          <reporter-output>
          </reporter-output>
        </test-method> <!-- setup -->
        <test-method signature="verify_account_registration()[pri:0, instance:testCases.TC_AccountRegistrationTest@2fb25f4c]" started-at="2024-09-28T18:05:39 IST" name="verify_account_registration" finished-at="2024-09-28T18:05:43 IST" duration-ms="4135" status="PASS">
          <reporter-output>
          </reporter-output>
        </test-method> <!-- verify_account_registration -->
        <test-method is-config="true" signature="teardown()[pri:0, instance:testCases.TC_AccountRegistrationTest@2fb25f4c]" started-at="2024-09-28T18:05:43 IST" name="teardown" finished-at="2024-09-28T18:05:44 IST" duration-ms="1006" status="PASS">
          <reporter-output>
          </reporter-output>
        </test-method> <!-- teardown -->
      </class> <!-- testCases.TC_AccountRegistrationTest -->
    </test> <!-- Test -->
  </suite> <!-- Suite -->
</testng-results>
