<?xml version="1.0" encoding="UTF-8"?>
<testng-results ignored="0" total="2" passed="2" failed="0" skipped="0">
  <reporter-output>
  </reporter-output>
  <suite started-at="2024-09-11T18:06:27 IST" name="Suite" finished-at="2024-09-11T18:08:02 IST" duration-ms="94794">
    <groups>
      <group name="Master">
        <method signature="TC_AccountRegistrationTest.verify_account_registration()[pri:0, instance:testCases.TC_AccountRegistrationTest@4f2d014a]" name="verify_account_registration" class="testCases.TC_AccountRegistrationTest"/>
        <method signature="TC_AccountRegistrationTest.verify_account_registration()[pri:0, instance:testCases.TC_AccountRegistrationTest@7edb6fca]" name="verify_account_registration" class="testCases.TC_AccountRegistrationTest"/>
      </group> <!-- Master -->
      <group name="Regression">
        <method signature="TC_AccountRegistrationTest.verify_account_registration()[pri:0, instance:testCases.TC_AccountRegistrationTest@4f2d014a]" name="verify_account_registration" class="testCases.TC_AccountRegistrationTest"/>
        <method signature="TC_AccountRegistrationTest.verify_account_registration()[pri:0, instance:testCases.TC_AccountRegistrationTest@7edb6fca]" name="verify_account_registration" class="testCases.TC_AccountRegistrationTest"/>
      </group> <!-- Regression -->
    </groups>
    <test started-at="2024-09-11T18:06:27 IST" name="chromeTest" finished-at="2024-09-11T18:06:48 IST" duration-ms="20876">
      <class name="testCases.TC_AccountRegistrationTest">
        <test-method is-config="true" signature="setup(java.lang.String,java.lang.String)[pri:0, instance:testCases.TC_AccountRegistrationTest@4f2d014a]" started-at="2024-09-11T18:06:28 IST" name="setup" finished-at="2024-09-11T18:06:43 IST" duration-ms="15098" status="PASS">
          <params>
            <param index="0">
              <value>
                <![CDATA[Windows]]>
              </value>
            </param>
            <param index="1">
              <value>
                <![CDATA[chrome]]>
              </value>
            </param>
          </params>
          <reporter-output>
          </reporter-output>
        </test-method> <!-- setup -->
        <test-method signature="verify_account_registration()[pri:0, instance:testCases.TC_AccountRegistrationTest@4f2d014a]" started-at="2024-09-11T18:06:44 IST" name="verify_account_registration" finished-at="2024-09-11T18:06:47 IST" duration-ms="3775" status="PASS">
          <reporter-output>
          </reporter-output>
        </test-method> <!-- verify_account_registration -->
        <test-method is-config="true" signature="teardown()[pri:0, instance:testCases.TC_AccountRegistrationTest@4f2d014a]" started-at="2024-09-11T18:06:48 IST" name="teardown" finished-at="2024-09-11T18:06:48 IST" duration-ms="726" status="PASS">
          <reporter-output>
          </reporter-output>
        </test-method> <!-- teardown -->
      </class> <!-- testCases.TC_AccountRegistrationTest -->
    </test> <!-- chromeTest -->
    <test started-at="2024-09-11T18:06:27 IST" name="EdgeTest" finished-at="2024-09-11T18:08:02 IST" duration-ms="94794">
      <class name="testCases.TC_AccountRegistrationTest">
        <test-method is-config="true" signature="setup(java.lang.String,java.lang.String)[pri:0, instance:testCases.TC_AccountRegistrationTest@7edb6fca]" started-at="2024-09-11T18:06:28 IST" name="setup" finished-at="2024-09-11T18:07:52 IST" duration-ms="83170" status="PASS">
          <params>
            <param index="0">
              <value>
                <![CDATA[Windows]]>
              </value>
            </param>
            <param index="1">
              <value>
                <![CDATA[edge]]>
              </value>
            </param>
          </params>
          <reporter-output>
          </reporter-output>
        </test-method> <!-- setup -->
        <test-method signature="verify_account_registration()[pri:0, instance:testCases.TC_AccountRegistrationTest@7edb6fca]" started-at="2024-09-11T18:07:52 IST" name="verify_account_registration" finished-at="2024-09-11T18:08:00 IST" duration-ms="8740" status="PASS">
          <reporter-output>
          </reporter-output>
        </test-method> <!-- verify_account_registration -->
        <test-method is-config="true" signature="teardown()[pri:0, instance:testCases.TC_AccountRegistrationTest@7edb6fca]" started-at="2024-09-11T18:08:00 IST" name="teardown" finished-at="2024-09-11T18:08:02 IST" duration-ms="1777" status="PASS">
          <reporter-output>
          </reporter-output>
        </test-method> <!-- teardown -->
      </class> <!-- testCases.TC_AccountRegistrationTest -->
    </test> <!-- EdgeTest -->
  </suite> <!-- Suite -->
</testng-results>
